2025-10-01 13:33:43,604 - INFO - Game initialized
2025-10-01 13:33:43,968 - INFO - Eat sound loaded from C:\Users\Зал Царства\papka\snake-pygame\assets\eat.mp3
2025-10-01 13:33:43,974 - INFO - Death sound loaded from C:\Users\Зал Царства\papka\snake-pygame\assets\death.mp3
2025-10-01 13:33:43,977 - INFO - Level up sound loaded from C:\Users\Зал Царства\papka\snake-pygame\assets\level_up.mp3
2025-10-01 13:33:43,979 - INFO - Background music loaded from C:\Users\Зал Царства\papka\snake-pygame\assets\background.mp3
2025-10-01 13:33:43,981 - INFO - Move sound loaded from C:\Users\Зал Царства\papka\snake-pygame\assets\negromkiy-korotkiy-klik.mp3
2025-10-01 14:01:33,823 - INFO - Game initialized
2025-10-01 14:01:34,122 - INFO - Eat sound loaded from C:\Users\Зал Царства\papka\snake-pygame\assets\eat.mp3
2025-10-01 14:01:34,127 - INFO - Death sound loaded from C:\Users\Зал Царства\papka\snake-pygame\assets\death.mp3
2025-10-01 14:01:34,129 - INFO - Level up sound loaded from C:\Users\Зал Царства\papka\snake-pygame\assets\level_up.mp3
2025-10-01 14:01:34,129 - INFO - Background music loaded from C:\Users\Зал Царства\papka\snake-pygame\assets\background.mp3
2025-10-01 14:01:34,131 - INFO - Move sound loaded from C:\Users\Зал Царства\papka\snake-pygame\assets\negromkiy-korotkiy-klik.mp3
2025-10-01 14:03:21,258 - INFO - Game initialized
2025-10-01 14:03:21,469 - INFO - Eat sound loaded from C:\Users\Зал Царства\papka\snake-pygame\assets\eat.mp3
2025-10-01 14:03:21,473 - INFO - Death sound loaded from C:\Users\Зал Царства\papka\snake-pygame\assets\death.mp3
2025-10-01 14:03:21,478 - INFO - Level up sound loaded from C:\Users\Зал Царства\papka\snake-pygame\assets\level_up.mp3
2025-10-01 14:03:21,485 - INFO - Background music loaded from C:\Users\Зал Царства\papka\snake-pygame\assets\background.mp3
2025-10-01 14:03:21,504 - INFO - Move sound loaded from C:\Users\Зал Царства\papka\snake-pygame\assets\negromkiy-korotkiy-klik.mp3
2025-10-01 15:14:38,965 - INFO - Game initialized
2025-10-01 15:14:39,341 - INFO - Eat sound loaded from C:\Users\Зал Царства\papka\snake-pygame\assets\eat.mp3
2025-10-01 15:14:39,345 - INFO - Death sound loaded from C:\Users\Зал Царства\papka\snake-pygame\assets\death.mp3
2025-10-01 15:14:39,347 - INFO - Level up sound loaded from C:\Users\Зал Царства\papka\snake-pygame\assets\level_up.mp3
2025-10-01 15:14:39,348 - INFO - Background music loaded from C:\Users\Зал Царства\papka\snake-pygame\assets\background.mp3
2025-10-01 15:14:39,350 - INFO - Move sound loaded from C:\Users\Зал Царства\papka\snake-pygame\assets\negromkiy-korotkiy-klik.mp3
